#
# A fatal error has been detected by the Java Runtime Environment:
#
#  EXCEPTION_PRIV_INSTRUCTION (0xc0000096) at pc=0x00000000028859ad, pid=17616, tid=0x0000000000004558
#
# JRE version: Java(TM) SE Runtime Environment (8.0_241-b07) (build 1.8.0_241-b07)
# Java VM: Java HotSpot(TM) 64-Bit Server VM (25.241-b07 mixed mode windows-amd64 compressed oops)
# Problematic frame:
# j  javax.validation.Validation.byDefaultProvider()Ljavax/validation/bootstrap/GenericBootstrap;+5
#
# Failed to write core dump. Minidumps are not enabled by default on client versions of Windows
#
# If you would like to submit a bug report, please visit:
#   http://bugreport.java.com/bugreport/crash.jsp
#

---------------  T H R E A D  ---------------

Current thread (0x000000005b41b000):  JavaThread "background-preinit" [_thread_in_Java, id=17752, stack(0x000000005b6d0000,0x000000005b7d0000)]

siginfo: ExceptionCode=0xc0000096

Registers:
RAX=0x0000000000000000, RBX=0x00000000000000cf, RCX=0x0000000000000000, RDX=0x0000000000000000
RSP=0x000000005b7ced40, RBP=0x000000005b7cede0, RSI=0x0000000020200020, RDI=0x0000000000000010
R8 =0x0000000000000061, R9 =0x00000000021d2980, R10=0x0000000000000061, R11=0x000000005b7ce510
R12=0x0000000000000000, R13=0x000000005bd9b191, R14=0x000000005b7cede8, R15=0x000000005b41b000
RIP=0x00000000028859ad, EFLAGS=0x0000000000010202

Top of Stack: (sp=0x000000005b7ced40)
0x000000005b7ced40:   000000005b41b000 000000005b7cede8
0x000000005b7ced50:   00000000000000cf 0000000020200020
0x000000005b7ced60:   000000005bd9b2c0 0000000069a14800
0x000000005b7ced70:   0000000000000006 0000000000000006
0x000000005b7ced80:   0000000000000010 0000000020200020
0x000000005b7ced90:   000000005b7cede0 000000005b7cedc0
0x000000005b7ceda0:   00000000000000cf 0000000000000005
0x000000005b7cedb0:   0000000000000008 0000000000000001
0x000000005b7cedc0:   0000000000000000 000000005bd9b190
0x000000005b7cedd0:   0000000000000000 000000005b7cedf0
0x000000005b7cede0:   000000005b7cee30 00000000028880c0
0x000000005b7cedf0:   000000005b7cedf0 000000005bd9aae8
0x000000005b7cee00:   000000005b7cee48 000000005bd9acf8
0x000000005b7cee10:   0000000000000000 000000005bd9ab20
0x000000005b7cee20:   000000005b7cedf0 000000005b7cee48
0x000000005b7cee30:   000000005b7cee90 0000000002888376 

Instructions: (pc=0x00000000028859ad)
0x000000000288598d:   48 b9 10 33 80 69 00 00 00 00 48 ba 37 59 88 02
0x000000000288599d:   00 00 00 00 4c 8b c4 48 83 e4 f0 e8 83 28 c7 66
0x00000000028859ad:   f4 66 90 00 00 00 00 00 00 00 00 00 00 00 00 00
0x00000000028859bd:   00 00 00 60 20 00 00 00 00 00 00 f8 32 80 69 00 


Register to memory mapping:

RAX=0x0000000000000000 is an unknown value
RBX=0x00000000000000cf is an unknown value
RCX=0x0000000000000000 is an unknown value
RDX=0x0000000000000000 is an unknown value
RSP=0x000000005b7ced40 is pointing into the stack for thread: 0x000000005b41b000
RBP=0x000000005b7cede0 is pointing into the stack for thread: 0x000000005b41b000
RSI=0x0000000020200020 is an unknown value
RDI=0x0000000000000010 is an unknown value
R8 =0x0000000000000061 is an unknown value
R9 =0x00000000021d2980 is an unknown value
R10=0x0000000000000061 is an unknown value
R11=0x000000005b7ce510 is pointing into the stack for thread: 0x000000005b41b000
R12=0x0000000000000000 is an unknown value
R13=0x000000005bd9b191 is pointing into metadata
R14=0x000000005b7cede8 is pointing into the stack for thread: 0x000000005b41b000
R15=0x000000005b41b000 is a thread


Stack: [0x000000005b6d0000,0x000000005b7d0000],  sp=0x000000005b7ced40,  free space=1019k
Native frames: (J=compiled Java code, j=interpreted, Vv=VM code, C=native code)
C  0x00000000028859ad


---------------  P R O C E S S  ---------------

Java Threads: ( => current thread )
=>0x000000005b41b000 JavaThread "background-preinit" [_thread_in_Java, id=17752, stack(0x000000005b6d0000,0x000000005b7d0000)]
  0x000000005b1f4800 JavaThread "RMI TCP Accept-0" daemon [_thread_in_native, id=17744, stack(0x000000005b9d0000,0x000000005bad0000)]
  0x000000005b1ee800 JavaThread "RMI TCP Accept-50657" daemon [_thread_in_native, id=17740, stack(0x000000005b860000,0x000000005b960000)]
  0x000000005b1a2000 JavaThread "RMI TCP Accept-0" daemon [_thread_in_native, id=17736, stack(0x000000005aad0000,0x000000005abd0000)]
  0x0000000058b5b800 JavaThread "Service Thread" daemon [_thread_blocked, id=17724, stack(0x000000005a720000,0x000000005a820000)]
  0x0000000058add000 JavaThread "C1 CompilerThread3" daemon [_thread_blocked, id=17720, stack(0x000000005a830000,0x000000005a930000)]
  0x0000000058ad4800 JavaThread "C2 CompilerThread2" daemon [_thread_blocked, id=17716, stack(0x000000005a550000,0x000000005a650000)]
  0x0000000058acf800 JavaThread "C2 CompilerThread1" daemon [_thread_blocked, id=17712, stack(0x0000000059be0000,0x0000000059ce0000)]
  0x0000000058aca000 JavaThread "C2 CompilerThread0" daemon [_thread_blocked, id=17708, stack(0x000000005a370000,0x000000005a470000)]
  0x0000000058ac1000 JavaThread "Attach Listener" daemon [_thread_blocked, id=17704, stack(0x000000005a1c0000,0x000000005a2c0000)]
  0x0000000058ac0000 JavaThread "Signal Dispatcher" daemon [_thread_blocked, id=17700, stack(0x000000005a090000,0x000000005a190000)]
  0x00000000578f5000 JavaThread "Finalizer" daemon [_thread_blocked, id=17696, stack(0x0000000059ee0000,0x0000000059fe0000)]
  0x00000000578ec000 JavaThread "Reference Handler" daemon [_thread_blocked, id=17692, stack(0x0000000059d70000,0x0000000059e70000)]
  0x000000000208b800 JavaThread "main" [_thread_in_native, id=17652, stack(0x00000000024b0000,0x00000000025b0000)]

Other Threads:
  0x0000000058a62800 VMThread [stack: 0x0000000059a80000,0x0000000059b80000] [id=17688]
  0x000000005b1f6800 WatcherThread [stack: 0x000000005bb00000,0x000000005bc00000] [id=17748]

VM state:not at safepoint (normal execution)

VM Mutex/Monitor currently owned by a thread: None

heap address: 0x0000000081800000, size: 2024 MB, Compressed Oops mode: 32-bit
Narrow klass base: 0x0000000000000000, Narrow klass shift: 0
Compressed class space size: 1073741824 Address: 0x0000000016f00000

Heap:
 PSYoungGen      total 38400K, used 30711K [0x00000000d5d80000, 0x00000000d8800000, 0x0000000100000000)
  eden space 33280K, 92% used [0x00000000d5d80000,0x00000000d7b7dd00,0x00000000d7e00000)
  from space 5120K, 0% used [0x00000000d8300000,0x00000000d8300000,0x00000000d8800000)
  to   space 5120K, 0% used [0x00000000d7e00000,0x00000000d7e00000,0x00000000d8300000)
 ParOldGen       total 87552K, used 0K [0x0000000081800000, 0x0000000086d80000, 0x00000000d5d80000)
  object space 87552K, 0% used [0x0000000081800000,0x0000000081800000,0x0000000086d80000)
 Metaspace       used 11102K, capacity 11362K, committed 11520K, reserved 1058816K
  class space    used 1400K, capacity 1489K, committed 1536K, reserved 1048576K

Card table byte_map: [0x0000000011c40000,0x0000000012040000] byte_map_base: 0x0000000011834000

Marking Bits: (ParMarkBitMap*) 0x0000000069a2be30
 Begin Bits: [0x0000000012bc0000, 0x0000000014b60000)
 End Bits:   [0x0000000014b60000, 0x0000000016b00000)

Polling page: 0x00000000005b0000

CodeCache: size=245760Kb used=2370Kb max_used=2370Kb free=243389Kb
 bounds [0x0000000002880000, 0x0000000002af0000, 0x0000000011880000]
 total_blobs=1198 nmethods=832 adapters=279
 compilation: enabled

Compilation events (10 events):
Event: 0.753 Thread 0x0000000058add000  824       1       org.springframework.util.ConcurrentReferenceHashMap::getReference (18 bytes)
Event: 0.753 Thread 0x0000000058add000 nmethod 824 0x0000000002acdfd0 code [0x0000000002ace140, 0x0000000002ace2f8]
Event: 0.753 Thread 0x0000000058add000  826       1       org.springframework.core.convert.converter.GenericConverter$ConvertiblePair::hashCode (19 bytes)
Event: 0.753 Thread 0x0000000058add000 nmethod 826 0x0000000002ace450 code [0x0000000002ace5c0, 0x0000000002ace738]
Event: 0.753 Thread 0x0000000058add000  829       1       org.springframework.core.convert.support.GenericConversionService$Converters::add (79 bytes)
Event: 0.753 Thread 0x0000000058add000 nmethod 829 0x0000000002ace810 code [0x0000000002ace9e0, 0x0000000002aced98]
Event: 0.753 Thread 0x0000000058add000  827       1       org.springframework.core.convert.support.GenericConversionService$ConvertersForPair::add (9 bytes)
Event: 0.753 Thread 0x0000000058add000 nmethod 827 0x0000000002acf110 code [0x0000000002acf260, 0x0000000002acf3a8]
Event: 0.753 Thread 0x0000000058add000  828       1       org.springframework.core.convert.support.GenericConversionService::addConverter (13 bytes)
Event: 0.753 Thread 0x0000000058add000 nmethod 828 0x0000000002acf490 code [0x0000000002acf600, 0x0000000002acf778]

GC Heap History (0 events):
No events

Deoptimization events (0 events):
No events

Classes redefined (0 events):
No events

Internal exceptions (10 events):
Event: 0.751 Thread 0x000000000208b800 Exception <a 'java/lang/ArrayIndexOutOfBoundsException'> (0x00000000d79c4628) thrown at [C:\ade\jenkins\workspace\8-2-build-windows-amd64-cygwin\jdk8u241\331\hotspot\src\share\vm\runtime\sharedRuntime.cpp, line 605]
Event: 0.751 Thread 0x000000005b41b000 Exception <a 'java/lang/ArrayIndexOutOfBoundsException'> (0x00000000d797bd70) thrown at [C:\ade\jenkins\workspace\8-2-build-windows-amd64-cygwin\jdk8u241\331\hotspot\src\share\vm\runtime\sharedRuntime.cpp, line 605]
Event: 0.751 Thread 0x000000000208b800 Exception <a 'java/lang/ArrayIndexOutOfBoundsException'> (0x00000000d79c5ee8) thrown at [C:\ade\jenkins\workspace\8-2-build-windows-amd64-cygwin\jdk8u241\331\hotspot\src\share\vm\runtime\sharedRuntime.cpp, line 605]
Event: 0.752 Thread 0x000000000208b800 Exception <a 'java/lang/ArrayIndexOutOfBoundsException'> (0x00000000d79c78e8) thrown at [C:\ade\jenkins\workspace\8-2-build-windows-amd64-cygwin\jdk8u241\331\hotspot\src\share\vm\runtime\sharedRuntime.cpp, line 605]
Event: 0.752 Thread 0x000000005b41b000 Exception <a 'java/lang/ArrayIndexOutOfBoundsException'> (0x00000000d79848b0) thrown at [C:\ade\jenkins\workspace\8-2-build-windows-amd64-cygwin\jdk8u241\331\hotspot\src\share\vm\runtime\sharedRuntime.cpp, line 605]
Event: 0.752 Thread 0x000000000208b800 Exception <a 'java/lang/ArrayIndexOutOfBoundsException'> (0x00000000d79d4f98) thrown at [C:\ade\jenkins\workspace\8-2-build-windows-amd64-cygwin\jdk8u241\331\hotspot\src\share\vm\runtime\sharedRuntime.cpp, line 605]
Event: 0.752 Thread 0x000000005b41b000 Exception <a 'java/lang/ArrayIndexOutOfBoundsException'> (0x00000000d7986bc0) thrown at [C:\ade\jenkins\workspace\8-2-build-windows-amd64-cygwin\jdk8u241\331\hotspot\src\share\vm\runtime\sharedRuntime.cpp, line 605]
Event: 0.753 Thread 0x000000005b41b000 Exception <a 'java/lang/ArrayIndexOutOfBoundsException'> (0x00000000d7a39de0) thrown at [C:\ade\jenkins\workspace\8-2-build-windows-amd64-cygwin\jdk8u241\331\hotspot\src\share\vm\runtime\sharedRuntime.cpp, line 605]
Event: 0.753 Thread 0x000000000208b800 Exception <a 'java/lang/ArrayIndexOutOfBoundsException'> (0x00000000d79ddf10) thrown at [C:\ade\jenkins\workspace\8-2-build-windows-amd64-cygwin\jdk8u241\331\hotspot\src\share\vm\runtime\sharedRuntime.cpp, line 605]
Event: 0.754 Thread 0x000000000208b800 Exception <a 'java/lang/ArrayIndexOutOfBoundsException'> (0x00000000d79e9310) thrown at [C:\ade\jenkins\workspace\8-2-build-windows-amd64-cygwin\jdk8u241\331\hotspot\src\share\vm\runtime\sharedRuntime.cpp, line 605]

Events (10 events):
Event: 0.753 loading class org/springframework/boot/convert/CharArrayFormatter
Event: 0.753 loading class org/springframework/boot/convert/CharArrayFormatter done
Event: 0.753 loading class org/springframework/boot/autoconfigure/BackgroundPreinitializer$ValidationInitializer
Event: 0.753 loading class org/springframework/boot/autoconfigure/BackgroundPreinitializer$ValidationInitializer done
Event: 0.754 loading class javax/validation/Validation
Event: 0.754 loading class javax/validation/Validation done
Event: 0.754 loading class sun/reflect/generics/tree/CharSignature
Event: 0.754 loading class sun/reflect/generics/tree/CharSignature done
Event: 0.754 loading class sun/reflect/generics/tree/ArrayTypeSignature
Event: 0.754 loading class sun/reflect/generics/tree/ArrayTypeSignature done


Dynamic libraries:
0x000000013ff40000 - 0x000000013ff77000 	C:\Program Files\Java\jre1.8.0_241\bin\javaw.exe
0x0000000077920000 - 0x0000000077ac9000 	C:\Windows\SYSTEM32\ntdll.dll
0x0000000077800000 - 0x000000007791f000 	C:\Windows\system32\kernel32.dll
0x000007fefd920000 - 0x000007fefd98c000 	C:\Windows\system32\KERNELBASE.dll
0x000007feffab0000 - 0x000007feffb8b000 	C:\Windows\system32\ADVAPI32.dll
0x000007fefe1b0000 - 0x000007fefe24f000 	C:\Windows\system32\msvcrt.dll
0x000007fefdc40000 - 0x000007fefdc5f000 	C:\Windows\SYSTEM32\sechost.dll
0x000007fefe5e0000 - 0x000007fefe70d000 	C:\Windows\system32\RPCRT4.dll
0x0000000077700000 - 0x00000000777fa000 	C:\Windows\system32\USER32.dll
0x000007feff730000 - 0x000007feff797000 	C:\Windows\system32\GDI32.dll
0x000007fefe570000 - 0x000007fefe57e000 	C:\Windows\system32\LPK.dll
0x000007fefe420000 - 0x000007fefe4e9000 	C:\Windows\system32\USP10.dll
0x000007fefc4a0000 - 0x000007fefc694000 	C:\Windows\WinSxS\amd64_microsoft.windows.common-controls_6595b64144ccf1df_6.0.7601.17514_none_fa396087175ac9ac\COMCTL32.dll
0x000007fefe4f0000 - 0x000007fefe561000 	C:\Windows\system32\SHLWAPI.dll
0x000007fefe970000 - 0x000007fefe99e000 	C:\Windows\system32\IMM32.DLL
0x000007feff9a0000 - 0x000007feffaa9000 	C:\Windows\system32\MSCTF.dll
0x0000000075050000 - 0x0000000075122000 	C:\Program Files\Java\jre1.8.0_241\bin\msvcr100.dll
0x0000000069200000 - 0x0000000069aac000 	C:\Program Files\Java\jre1.8.0_241\bin\server\jvm.dll
0x000007fef6240000 - 0x000007fef6249000 	C:\Windows\system32\WSOCK32.dll
0x000007fefe590000 - 0x000007fefe5dd000 	C:\Windows\system32\WS2_32.dll
0x000007fefe580000 - 0x000007fefe588000 	C:\Windows\system32\NSI.dll
0x000007fefb990000 - 0x000007fefb9cb000 	C:\Windows\system32\WINMM.dll
0x000007fefd340000 - 0x000007fefd34c000 	C:\Windows\system32\VERSION.dll
0x0000000077ae0000 - 0x0000000077ae7000 	C:\Windows\system32\PSAPI.DLL
0x000007fef4270000 - 0x000007fef427f000 	C:\Program Files\Java\jre1.8.0_241\bin\verify.dll
0x000007fef4240000 - 0x000007fef4269000 	C:\Program Files\Java\jre1.8.0_241\bin\java.dll
0x000007feee9b0000 - 0x000007feee9c6000 	C:\Program Files\Java\jre1.8.0_241\bin\zip.dll
0x000007fefe9a0000 - 0x000007feff728000 	C:\Windows\system32\SHELL32.dll
0x000007fefdda0000 - 0x000007fefdfa3000 	C:\Windows\system32\ole32.dll
0x000007fefd870000 - 0x000007fefd87f000 	C:\Windows\system32\profapi.dll
0x000007feeae60000 - 0x000007feeae6d000 	C:\Program Files\Java\jre1.8.0_241\bin\management.dll
0x000007fef3f50000 - 0x000007fef3f6a000 	C:\Program Files\Java\jre1.8.0_241\bin\net.dll
0x000007fefcda0000 - 0x000007fefcdf5000 	C:\Windows\system32\mswsock.dll
0x000007fefcd90000 - 0x000007fefcd97000 	C:\Windows\System32\wship6.dll
0x000007fee9550000 - 0x000007fee9562000 	C:\Program Files\Java\jre1.8.0_241\bin\nio.dll
0x000007fefb350000 - 0x000007fefb365000 	C:\Windows\system32\NLAapi.dll
0x000007fef6290000 - 0x000007fef62a5000 	C:\Windows\system32\napinsp.dll
0x000007fef6270000 - 0x000007fef6289000 	C:\Windows\system32\pnrpnsp.dll
0x000007fefcc20000 - 0x000007fefcc7b000 	C:\Windows\system32\DNSAPI.dll
0x000007fef6260000 - 0x000007fef626b000 	C:\Windows\System32\winrnr.dll
0x000007fef6250000 - 0x000007fef6260000 	C:\Windows\system32\wshbth.dll
0x000007fefd410000 - 0x000007fefd417000 	C:\Windows\System32\wshtcpip.dll
0x000007fefae30000 - 0x000007fefae57000 	C:\Windows\system32\IPHLPAPI.DLL
0x000007fefae10000 - 0x000007fefae1b000 	C:\Windows\system32\WINNSI.DLL
0x000007fef9c10000 - 0x000007fef9c18000 	C:\Windows\system32\rasadhlp.dll
0x000007fefac80000 - 0x000007fefacd3000 	C:\Windows\System32\fwpuclnt.dll
0x000007fefce00000 - 0x000007fefce18000 	C:\Windows\system32\CRYPTSP.dll
0x000007fefcb00000 - 0x000007fefcb47000 	C:\Windows\system32\rsaenh.dll
0x000007fefd530000 - 0x000007fefd54e000 	C:\Windows\system32\USERENV.dll
0x000007fefd760000 - 0x000007fefd76f000 	C:\Windows\system32\CRYPTBASE.dll
0x000007fefad00000 - 0x000007fefad18000 	C:\Windows\system32\dhcpcsvc.DLL
0x000007fefac60000 - 0x000007fefac71000 	C:\Windows\system32\dhcpcsvc6.DLL
0x000007fef7330000 - 0x000007fef7455000 	C:\Windows\system32\dbghelp.dll

VM Arguments:
jvm_args: -Dcom.sun.management.jmxremote -Dcom.sun.management.jmxremote.port=50657 -Dcom.sun.management.jmxremote.authenticate=false -Dcom.sun.management.jmxremote.ssl=false -Djava.rmi.server.hostname=localhost -Dspring.jmx.enabled=true -Dspring.application.admin.enabled=true -Xverify:none -XX:TieredStopAtLevel=1 -Dspring.boot.project.name=TMCheckingSystem -Dfile.encoding=UTF-8 
java_command: cs544.eaproject.Application --spring.output.ansi.enabled=always
java_class_path (initial): E:\SpringWorkSpace\EA-TMCheckingSystem\TMCheckingSystem\target\classes;C:\Users\hp\.m2\repository\javax\javaee-web-api\6.0\javaee-web-api-6.0.jar;C:\Users\hp\.m2\repository\javax\servlet\jstl\1.2\jstl-1.2.jar;C:\Users\hp\.m2\repository\org\springframework\boot\spring-boot-starter-data-jpa\2.2.7.RELEASE\spring-boot-starter-data-jpa-2.2.7.RELEASE.jar;C:\Users\hp\.m2\repository\org\springframework\boot\spring-boot-starter-aop\2.2.7.RELEASE\spring-boot-starter-aop-2.2.7.RELEASE.jar;C:\Users\hp\.m2\repository\org\aspectj\aspectjweaver\1.9.5\aspectjweaver-1.9.5.jar;C:\Users\hp\.m2\repository\org\springframework\boot\spring-boot-starter-jdbc\2.2.7.RELEASE\spring-boot-starter-jdbc-2.2.7.RELEASE.jar;C:\Users\hp\.m2\repository\com\zaxxer\HikariCP\3.4.3\HikariCP-3.4.3.jar;C:\Users\hp\.m2\repository\org\springframework\spring-jdbc\5.2.6.RELEASE\spring-jdbc-5.2.6.RELEASE.jar;C:\Users\hp\.m2\repository\jakarta\persistence\jakarta.persistence-api\2.2.3\jakarta.persistence-api-2.2.3.jar;C:\Users\hp\.m2\repository\jakarta\transaction\jakarta.transaction-api\1.3.3\jakarta.transaction-api-1.3.3.jar;C:\Users\hp\.m2\repository\org\hibernate\hibernate-core\5.4.15.Final\hibernate-core-5.4.15.Final.jar;C:\Users\hp\.m2\repository\org\jboss\logging\jboss-logging\3.4.1.Final\jboss-logging-3.4.1.Final.jar;C:\Users\hp\.m2\repository\org\javassist\javassist\3.24.0-GA\javassist-3.24.0-GA.jar;C:\Users\hp\.m2\repository\net\bytebuddy\byte-buddy\1.10.10\byte-buddy-1.10.10.jar;C:\Users\hp\.m2\repository\antlr\antlr\2.7.7\antlr-2.7.7.jar;C:\Users\hp\.m2\repository\org\jboss\jandex\2.1.3.Final\jandex-2.1.3.Final.jar;C:\Users\hp\.m2\repository\com\fasterxml\classmate\1.5.1\classmate-1.5.1.jar;C:\Users\hp\.m2\repository\org\dom4j\dom4j\2.1.3\dom4j-2.1.3.jar;C:\Users\hp\.m2\repository\org\hibernate\common\hibernate-commons-annotations\5.1.0.Final\hibernate-commons-annotations-5.1.0.Final.jar;C:\Users\hp\.m2\repository\org\glassfish\jaxb\jaxb-runtime\2.3.3\jaxb-runtime-2.3.3.ja
Launcher Type: SUN_STANDARD

Environment Variables:
PATH=C:/Program Files/Java/jre1.8.0_241/bin/server;C:/Program Files/Java/jre1.8.0_241/bin;C:/Program Files/Java/jre1.8.0_241/lib/amd64;C:\Program Files (x86)\Common Files\Oracle\Java\javapath;C:\Program Files (x86)\NVIDIA Corporation\PhysX\Common;C:\ProgramData\Oracle\Java\javapath;C:\Windows\system32;C:\Windows;C:\Windows\System32\Wbem;C:\Windows\System32\WindowsPowerShell\v1.0\;C:\Program Files (x86)\ATI Technologies\ATI.ACE\Core-Static;C:\Program Files (x86)\AMD\ATI.ACE\Core-Static;C:\Program Files\Microsoft SQL Server\110\Tools\Binn\;C:\Program Files (x86)\Skype\Phone\;C:\Program Files (x86)\GtkSharp\2.12\bin;C:\Program Files (x86)\Brackets\command;C:\Program Files\Git\cmd;C:\Users\hp\Desktop\myMPP\apache-maven-3.6.3\bin;C:\Users\hp\AppData\Local\Programs\Python\Python37\Scripts\;C:\Users\hp\AppData\Local\Programs\Python\Python37\;C:\Users\hp\AppData\Local\Programs\Microsoft VS Code\bin;C:\Users\hp\AppData\Local\GitHubDesktop\bin;E:\Software\sts-4.6.0.RELEASE;
USERNAME=hp
OS=Windows_NT
PROCESSOR_IDENTIFIER=Intel64 Family 6 Model 58 Stepping 9, GenuineIntel



---------------  S Y S T E M  ---------------

OS: Windows 7 , 64 bit Build 7601 (6.1.7601.17617)

CPU:total 8 (initial active 8) (4 cores per cpu, 2 threads per core) family 6 model 58 stepping 9, cmov, cx8, fxsr, mmx, sse, sse2, sse3, ssse3, sse4.1, sse4.2, popcnt, avx, aes, clmul, erms, ht, tsc, tscinvbit, tscinv

Memory: 4k page, physical 8284528k(2824364k free), swap 16567200k(10341296k free)

vm_info: Java HotSpot(TM) 64-Bit Server VM (25.241-b07) for windows-amd64 JRE (1.8.0_241-b07), built on Dec 11 2019 10:21:40 by "rejava" with MS VC++ 10.0 (VS2010)

time: Tue May 12 04:55:33 2020
timezone: Egypt Standard Time
elapsed time: 0 seconds (0d 0h 0m 0s)

